2023-08-28 19:54:44; 22.59999999999995; LGSTRT; Reset log (scenario, username); Tutorial; 12 
2023-08-28 19:54:44; 24.999999999999943; SCORE; Score tick - (numAgents, completedTasks, score, missionCost, previous_mission_cost); 3; 0; 485.5000000000001; 14.500000000000002; 0.0 
2023-08-28 19:54:45; 25.199999999999942; ASGN; Agent assigned to task (agentId, taskId); UAV-1; Task-2 
2023-08-28 19:54:45; 25.199999999999942; ASGN; Agent assigned to task (agentId, taskId); UAV-2; Task-1 
2023-08-28 19:54:45; 25.199999999999942; ASGN; Agent assigned to task (agentId, taskId); UAV-3; Task-4 
2023-08-28 19:54:46; 29.999999999999925; SCORE; Score tick - (numAgents, completedTasks, score, missionCost, previous_mission_cost); 3; 0; 482.60000000000014; 17.400000000000002; 0.0 
2023-08-28 19:54:47; 34.99999999999996; SCORE; Score tick - (numAgents, completedTasks, score, missionCost, previous_mission_cost); 3; 0; 479.70000000000016; 20.300000000000004; 0.0 
2023-08-28 19:54:48; 40.00000000000003; SCORE; Score tick - (numAgents, completedTasks, score, missionCost, previous_mission_cost); 3; 0; 476.8000000000002; 23.200000000000003; 0.0 
2023-08-28 19:54:49; 45.0000000000001; SCORE; Score tick - (numAgents, completedTasks, score, missionCost, previous_mission_cost); 3; 0; 473.9000000000002; 26.1; 0.0 
2023-08-28 19:54:50; 50.00000000000017; SCORE; Score tick - (numAgents, completedTasks, score, missionCost, previous_mission_cost); 3; 0; 471.0000000000002; 29.0; 0.0 
2023-08-28 19:54:51; 55.00000000000024; SCORE; Score tick - (numAgents, completedTasks, score, missionCost, previous_mission_cost); 3; 0; 468.10000000000025; 31.9; 0.0 
2023-08-28 19:54:52; 60.00000000000031; SCORE; Score tick - (numAgents, completedTasks, score, missionCost, previous_mission_cost); 3; 0; 465.2000000000003; 34.8; 0.0 
2023-08-28 19:54:53; 65.00000000000038; SCORE; Score tick - (numAgents, completedTasks, score, missionCost, previous_mission_cost); 3; 0; 462.3000000000003; 37.699999999999996; 0.0 
2023-08-28 19:54:54; 70.00000000000045; SCORE; Score tick - (numAgents, completedTasks, score, missionCost, previous_mission_cost); 3; 0; 459.4000000000003; 40.599999999999994; 0.0 
2023-08-28 19:54:55; 75.00000000000053; SCORE; Score tick - (numAgents, completedTasks, score, missionCost, previous_mission_cost); 3; 0; 456.50000000000034; 43.49999999999999; 0.0 
2023-08-28 19:54:56; 80.0000000000006; SCORE; Score tick - (numAgents, completedTasks, score, missionCost, previous_mission_cost); 3; 0; 453.60000000000036; 46.39999999999999; 0.0 
2023-08-28 19:54:57; 85.00000000000067; SCORE; Score tick - (numAgents, completedTasks, score, missionCost, previous_mission_cost); 3; 0; 450.7000000000004; 49.29999999999999; 0.0 
2023-08-28 19:54:58; 90.00000000000074; SCORE; Score tick - (numAgents, completedTasks, score, missionCost, previous_mission_cost); 3; 0; 447.8000000000004; 52.19999999999999; 0.0 
2023-08-28 19:54:58; 91.60000000000076; TSKCM; Task completed by agent - there are now tasks left (taskId, agentId numTasks); Task-2; UAV-1; 7 
2023-08-28 19:54:58; 91.60000000000076; DELTSK; Removed task (id, lat, lng); Task-2; 50.931027477794345; -1.409344139269709
2023-08-28 19:54:59; 95.00000000000081; SCORE; Score tick - (numAgents, completedTasks, score, missionCost, previous_mission_cost); 3; 1; 544.9000000000004; 55.09999999999999; 0.0 
2023-08-28 19:54:59; 95.60000000000082; TSKCM; Task completed by agent - there are now tasks left (taskId, agentId numTasks); Task-1; UAV-2; 6 
2023-08-28 19:54:59; 95.60000000000082; DELTSK; Removed task (id, lat, lng); Task-1; 50.93103606777789; -1.407989060947389
2023-08-28 19:55:00; 100.00000000000088; SCORE; Score tick - (numAgents, completedTasks, score, missionCost, previous_mission_cost); 3; 2; 642.0000000000005; 57.999999999999986; 0.0 
2023-08-28 19:55:01; 105.00000000000095; SCORE; Score tick - (numAgents, completedTasks, score, missionCost, previous_mission_cost); 3; 2; 639.1000000000005; 60.899999999999984; 0.0 
2023-08-28 19:55:02; 109.40000000000101; TSKCM; Task completed by agent - there are now tasks left (taskId, agentId numTasks); Task-4; UAV-3; 5 
2023-08-28 19:55:02; 109.40000000000101; DELTSK; Removed task (id, lat, lng); Task-4; 50.93199121086687; -1.4084886562454084
2023-08-28 19:55:02; 110.00000000000102; SCORE; Score tick - (numAgents, completedTasks, score, missionCost, previous_mission_cost); 3; 3; 736.2000000000005; 63.79999999999998; 0.0 
2023-08-28 19:55:03; 115.0000000000011; SCORE; Score tick - (numAgents, completedTasks, score, missionCost, previous_mission_cost); 3; 3; 733.3000000000005; 66.69999999999999; 0.0 
2023-08-28 19:55:04; 120.00000000000117; SCORE; Score tick - (numAgents, completedTasks, score, missionCost, previous_mission_cost); 3; 3; 730.4000000000005; 69.6; 0.0 
2023-08-28 19:55:05; 125.00000000000124; SCORE; Score tick - (numAgents, completedTasks, score, missionCost, previous_mission_cost); 3; 3; 727.5000000000006; 72.5; 0.0 
2023-08-28 19:55:06; 130.00000000000117; SCORE; Score tick - (numAgents, completedTasks, score, missionCost, previous_mission_cost); 3; 3; 724.6000000000006; 75.4; 0.0 
2023-08-28 19:55:07; 135.00000000000088; SCORE; Score tick - (numAgents, completedTasks, score, missionCost, previous_mission_cost); 3; 3; 721.7000000000006; 78.30000000000001; 0.0 
2023-08-28 19:55:08; 139.60000000000062; ASGN; Agent assigned to task (agentId, taskId); UAV-1; Task-3 
2023-08-28 19:55:08; 140.0000000000006; SCORE; Score tick - (numAgents, completedTasks, score, missionCost, previous_mission_cost); 3; 3; 718.8000000000006; 81.20000000000002; 0.0 
2023-08-28 19:55:09; 145.0000000000003; SCORE; Score tick - (numAgents, completedTasks, score, missionCost, previous_mission_cost); 3; 3; 715.9000000000007; 84.10000000000002; 0.0 
2023-08-28 19:55:10; 150.00000000000003; SCORE; Score tick - (numAgents, completedTasks, score, missionCost, previous_mission_cost); 3; 3; 713.0000000000007; 87.00000000000003; 0.0 
2023-08-28 19:55:10; 150.4; ASGN; Agent assigned to task (agentId, taskId); UAV-2; Task-6 
2023-08-28 19:55:11; 154.99999999999974; SCORE; Score tick - (numAgents, completedTasks, score, missionCost, previous_mission_cost); 3; 3; 710.1000000000007; 89.90000000000003; 0.0 
2023-08-28 19:55:12; 159.99999999999946; SCORE; Score tick - (numAgents, completedTasks, score, missionCost, previous_mission_cost); 3; 3; 707.2000000000007; 92.80000000000004; 0.0 
2023-08-28 19:55:13; 164.99999999999918; SCORE; Score tick - (numAgents, completedTasks, score, missionCost, previous_mission_cost); 3; 3; 704.3000000000008; 95.70000000000005; 0.0 
2023-08-28 19:55:14; 169.9999999999989; SCORE; Score tick - (numAgents, completedTasks, score, missionCost, previous_mission_cost); 3; 3; 701.4000000000008; 98.60000000000005; 0.0 
2023-08-28 19:55:16; 174.9999999999986; SCORE; Score tick - (numAgents, completedTasks, score, missionCost, previous_mission_cost); 3; 3; 698.5000000000008; 101.50000000000006; 0.0 
2023-08-28 19:55:16; 177.19999999999848; ASGN; Agent assigned to task (agentId, taskId); UAV-3; Task-5 
2023-08-28 19:55:17; 179.99999999999832; SCORE; Score tick - (numAgents, completedTasks, score, missionCost, previous_mission_cost); 3; 3; 695.6000000000008; 104.40000000000006; 0.0 
2023-08-28 19:55:18; 184.99999999999804; SCORE; Score tick - (numAgents, completedTasks, score, missionCost, previous_mission_cost); 3; 3; 692.7000000000008; 107.30000000000007; 0.0 
2023-08-28 19:55:19; 189.99999999999775; SCORE; Score tick - (numAgents, completedTasks, score, missionCost, previous_mission_cost); 3; 3; 689.8000000000009; 110.20000000000007; 0.0 
2023-08-28 19:55:20; 194.99999999999747; SCORE; Score tick - (numAgents, completedTasks, score, missionCost, previous_mission_cost); 3; 3; 686.9000000000009; 113.10000000000008; 0.0 
2023-08-28 19:55:21; 199.9999999999972; SCORE; Score tick - (numAgents, completedTasks, score, missionCost, previous_mission_cost); 3; 3; 684.0000000000009; 116.00000000000009; 0.0 
2023-08-28 19:55:22; 204.9999999999969; SCORE; Score tick - (numAgents, completedTasks, score, missionCost, previous_mission_cost); 3; 3; 681.1000000000009; 118.90000000000009; 0.0 
2023-08-28 19:55:23; 209.99999999999662; SCORE; Score tick - (numAgents, completedTasks, score, missionCost, previous_mission_cost); 3; 3; 678.200000000001; 121.8000000000001; 0.0 
2023-08-28 19:55:24; 214.99999999999633; SCORE; Score tick - (numAgents, completedTasks, score, missionCost, previous_mission_cost); 3; 3; 675.300000000001; 124.7000000000001; 0.0 
2023-08-28 19:55:25; 219.79999999999606; TSKCM; Task completed by agent - there are now tasks left (taskId, agentId numTasks); Task-3; UAV-1; 4 
2023-08-28 19:55:25; 219.79999999999606; DELTSK; Removed task (id, lat, lng); Task-3; 50.93206137062308; -1.4065229100344483
2023-08-28 19:55:25; 219.99999999999605; SCORE; Score tick - (numAgents, completedTasks, score, missionCost, previous_mission_cost); 3; 4; 772.400000000001; 127.60000000000011; 0.0 
2023-08-28 19:55:26; 224.99999999999577; SCORE; Score tick - (numAgents, completedTasks, score, missionCost, previous_mission_cost); 3; 4; 769.500000000001; 130.5000000000001; 0.0 
2023-08-28 19:55:27; 229.99999999999548; SCORE; Score tick - (numAgents, completedTasks, score, missionCost, previous_mission_cost); 3; 4; 766.600000000001; 133.40000000000012; 0.0 
2023-08-28 19:55:28; 234.9999999999952; SCORE; Score tick - (numAgents, completedTasks, score, missionCost, previous_mission_cost); 3; 4; 763.7000000000011; 136.30000000000013; 0.0 
2023-08-28 19:55:29; 239.9999999999949; SCORE; Score tick - (numAgents, completedTasks, score, missionCost, previous_mission_cost); 3; 4; 760.8000000000011; 139.20000000000013; 0.0 
2023-08-28 19:55:30; 244.99999999999463; SCORE; Score tick - (numAgents, completedTasks, score, missionCost, previous_mission_cost); 3; 4; 757.9000000000011; 142.10000000000014; 0.0 
2023-08-28 19:55:31; 249.99999999999434; SCORE; Score tick - (numAgents, completedTasks, score, missionCost, previous_mission_cost); 3; 4; 755.0000000000011; 145.00000000000014; 0.0 
2023-08-28 19:55:32; 252.79999999999418; TSKCM; Task completed by agent - there are now tasks left (taskId, agentId numTasks); Task-6; UAV-2; 3 
2023-08-28 19:55:32; 252.79999999999418; DELTSK; Removed task (id, lat, lng); Task-6; 50.93291973366247; -1.4092987778406456
2023-08-28 19:55:32; 254.99999999999406; SCORE; Score tick - (numAgents, completedTasks, score, missionCost, previous_mission_cost); 3; 5; 852.1000000000012; 147.90000000000015; 0.0 
2023-08-28 19:55:33; 259.9999999999938; SCORE; Score tick - (numAgents, completedTasks, score, missionCost, previous_mission_cost); 3; 5; 849.2000000000012; 150.80000000000015; 0.0 
